25/05/2019 22:10:45 PagSeguro.br.com.uol.pagseguro.api.checkout.CheckoutsResource[INFO]: Iniciando checkout
25/05/2019 22:10:45 PagSeguro.br.com.uol.pagseguro.api.checkout.CheckoutsResource[INFO]: Convertendo valores
25/05/2019 22:10:45 PagSeguro.br.com.uol.pagseguro.api.checkout.CheckoutsResource[INFO]: Valores convertidos
25/05/2019 22:10:45 PagSeguro.br.com.uol.pagseguro.api.checkout.CheckoutsResource[FINE]: Parametros: RequestMap{map={itemId1=0001, extraAmount=1.00, shippingAddressState=SP, itemId2=0002, shippingType=2, paymentMethodConfigKey2_1=DISCOUNT_PERCENT, paymentMethodConfigKey3_1=MAX_INSTALLMENTS_LIMIT, paymentMethodConfigKey1_1=DISCOUNT_PERCENT, senderCPF=99999999999, reference=XXXXXX, senderName=Jose Comprador, shippingAddressComplement=99o andar, paymentMethodConfigKey4_1=MAX_INSTALLMENTS_NO_INTEREST, shippingAddressNumber=9999, senderEmail=comprador@uol.com.br, paymentMethodGroup4=CREDIT_CARD, currency=BRL, senderAreaCode=99, paymentMethodGroup1=CREDIT_CARD, shippingAddressStreet=Av. PagSeguro, paymentMethodGroup3=CREDIT_CARD, paymentMethodGroup2=BOLETO, shippingAddressCity=Cidade Exemplo, itemQuantity1=1, itemWeight1=1000, shippingCost=10.00, itemWeight2=750, itemQuantity2=2, acceptPaymentMethodGroup=BALANCE,BOLETO, shippingAddressCountry=BRA, senderPhone=99999999, shippingAddressDistrict=Jardim Internet, itemDescription1=Produto PagSeguroI, itemDescription2=Produto PagSeguroII, shippingAddressPostalCode=99999999, itemAmount1=99999.99, itemAmount2=99999.98, paymentMethodConfigValue1_1=10.00, paymentMethodConfigValue2_1=10.00, paymentMethodConfigValue3_1=10, paymentMethodConfigValue4_1=5}}
25/05/2019 22:10:45 PagSeguro.br.com.uol.pagseguro.api.http.AuthenticatedHttpClient[INFO]: Correlation Id: 52f3f3d7-5c39-49ad-b5c3-1eeeec4c5779
25/05/2019 22:10:45 PagSeguro.br.com.uol.pagseguro.api.http.JSEHttpClient[INFO]: Executando [POST] em [https://ws.sandbox.pagseguro.uol.com.br/v2/checkout?email=wda.developers@hotmail.com&token=F30F162446F948AD85CBB3C73FC3EE52&correlationId=52f3f3d7-5c39-49ad-b5c3-1eeeec4c5779]
25/05/2019 22:10:45 PagSeguro.br.com.uol.pagseguro.api.http.JSEHttpClient[INFO]: Abrindo conexao
25/05/2019 22:10:46 PagSeguro.br.com.uol.pagseguro.api.http.JSEHttpClient[INFO]: Escrevendo body
25/05/2019 22:10:49 PagSeguro.br.com.uol.pagseguro.api.http.JSEHttpClient[INFO]: Lendo resposta
25/05/2019 22:10:49 PagSeguro.br.com.uol.pagseguro.api.http.JSEHttpClient[INFO]: Fechando conexao
25/05/2019 22:10:49 PagSeguro.br.com.uol.pagseguro.api.checkout.CheckoutsResource[FINE]: Resposta: HttpResponse{responseAsString='<?xml version="1.0" encoding="ISO-8859-1" standalone="yes"?><checkout><code>A884B46A69691C4BB4C08FAB91967B37</code><date>2019-05-25T22:10:48.000-03:00</date></checkout>', status=200}
25/05/2019 22:10:49 PagSeguro.br.com.uol.pagseguro.api.checkout.CheckoutsResource[INFO]: Parseando XML de resposta
25/05/2019 22:10:49 PagSeguro.br.com.uol.pagseguro.api.checkout.CheckoutsResource[INFO]: Parseamento finalizado
25/05/2019 22:10:49 PagSeguro.br.com.uol.pagseguro.api.checkout.CheckoutsResource[INFO]: Checkout finalizado
25/05/2019 22:16:44 PagSeguro.br.com.uol.pagseguro.api.checkout.CheckoutsResource[INFO]: Iniciando checkout
25/05/2019 22:16:44 PagSeguro.br.com.uol.pagseguro.api.checkout.CheckoutsResource[INFO]: Convertendo valores
25/05/2019 22:16:44 PagSeguro.br.com.uol.pagseguro.api.checkout.CheckoutsResource[INFO]: Valores convertidos
25/05/2019 22:16:44 PagSeguro.br.com.uol.pagseguro.api.checkout.CheckoutsResource[FINE]: Parametros: RequestMap{map={itemId1=0001, extraAmount=1.00, shippingAddressState=SP, itemId2=0002, shippingType=2, paymentMethodConfigKey2_1=DISCOUNT_PERCENT, paymentMethodConfigKey3_1=MAX_INSTALLMENTS_LIMIT, paymentMethodConfigKey1_1=DISCOUNT_PERCENT, senderCPF=99999999999, reference=XXXXXX, senderName=Jose Comprador, shippingAddressComplement=99o andar, paymentMethodConfigKey4_1=MAX_INSTALLMENTS_NO_INTEREST, shippingAddressNumber=9999, senderEmail=@sandbox.pagseguro.com.br, paymentMethodGroup4=CREDIT_CARD, currency=BRL, senderAreaCode=99, paymentMethodGroup1=CREDIT_CARD, shippingAddressStreet=Av. PagSeguro, paymentMethodGroup3=CREDIT_CARD, paymentMethodGroup2=BOLETO, shippingAddressCity=Cidade Exemplo, itemQuantity1=1, itemWeight1=1000, shippingCost=10.00, itemWeight2=750, itemQuantity2=2, acceptPaymentMethodGroup=BALANCE,BOLETO, shippingAddressCountry=BRA, senderPhone=99999999, shippingAddressDistrict=Jardim Internet, itemDescription1=Produto PagSeguroI, itemDescription2=Produto PagSeguroII, shippingAddressPostalCode=99999999, itemAmount1=99999.99, itemAmount2=99999.98, paymentMethodConfigValue1_1=10.00, paymentMethodConfigValue2_1=10.00, paymentMethodConfigValue3_1=10, paymentMethodConfigValue4_1=5}}
25/05/2019 22:16:44 PagSeguro.br.com.uol.pagseguro.api.http.AuthenticatedHttpClient[INFO]: Correlation Id: ae796dd4-f089-42c8-844f-085b0fb40409
25/05/2019 22:16:44 PagSeguro.br.com.uol.pagseguro.api.http.JSEHttpClient[INFO]: Executando [POST] em [https://ws.sandbox.pagseguro.uol.com.br/v2/checkout?email=wda.developers@hotmail.com&token=F30F162446F948AD85CBB3C73FC3EE52&correlationId=ae796dd4-f089-42c8-844f-085b0fb40409]
25/05/2019 22:16:44 PagSeguro.br.com.uol.pagseguro.api.http.JSEHttpClient[INFO]: Abrindo conexao
25/05/2019 22:16:45 PagSeguro.br.com.uol.pagseguro.api.http.JSEHttpClient[INFO]: Escrevendo body
25/05/2019 22:16:53 PagSeguro.br.com.uol.pagseguro.api.http.JSEHttpClient[INFO]: Lendo resposta
25/05/2019 22:16:53 PagSeguro.br.com.uol.pagseguro.api.http.JSEHttpClient[INFO]: Fechando conexao
25/05/2019 22:16:53 PagSeguro.br.com.uol.pagseguro.api.checkout.CheckoutsResource[FINE]: Resposta: HttpResponse{responseAsString='<?xml version="1.0" encoding="ISO-8859-1" standalone="yes"?><errors><error><code>11010</code><message>senderEmail invalid value: @sandbox.pagseguro.com.br</message></error></errors>', status=400}
25/05/2019 22:16:53 PagSeguro.br.com.uol.pagseguro.api.checkout.CheckoutsResource[INFO]: Parseando XML de resposta
25/05/2019 22:17:39 PagSeguro.br.com.uol.pagseguro.api.checkout.CheckoutsResource[INFO]: Iniciando checkout
25/05/2019 22:17:39 PagSeguro.br.com.uol.pagseguro.api.checkout.CheckoutsResource[INFO]: Convertendo valores
25/05/2019 22:17:39 PagSeguro.br.com.uol.pagseguro.api.checkout.CheckoutsResource[INFO]: Valores convertidos
25/05/2019 22:17:39 PagSeguro.br.com.uol.pagseguro.api.checkout.CheckoutsResource[FINE]: Parametros: RequestMap{map={itemId1=0001, extraAmount=1.00, shippingAddressState=SP, itemId2=0002, shippingType=2, paymentMethodConfigKey2_1=DISCOUNT_PERCENT, paymentMethodConfigKey3_1=MAX_INSTALLMENTS_LIMIT, paymentMethodConfigKey1_1=DISCOUNT_PERCENT, senderCPF=99999999999, reference=XXXXXX, senderName=Jose Comprador, shippingAddressComplement=99o andar, paymentMethodConfigKey4_1=MAX_INSTALLMENTS_NO_INTEREST, shippingAddressNumber=9999, senderEmail=@sandbox.pagseguro.com.br, paymentMethodGroup4=CREDIT_CARD, currency=BRL, senderAreaCode=99, paymentMethodGroup1=CREDIT_CARD, shippingAddressStreet=Av. PagSeguro, paymentMethodGroup3=CREDIT_CARD, paymentMethodGroup2=BOLETO, shippingAddressCity=Cidade Exemplo, itemQuantity1=1, itemWeight1=1000, shippingCost=10.00, itemWeight2=750, itemQuantity2=2, acceptPaymentMethodGroup=BALANCE,BOLETO, shippingAddressCountry=BRA, senderPhone=99999999, shippingAddressDistrict=Jardim Internet, itemDescription1=Produto PagSeguroI, itemDescription2=Produto PagSeguroII, shippingAddressPostalCode=99999999, itemAmount1=99999.99, itemAmount2=99999.98, paymentMethodConfigValue1_1=10.00, paymentMethodConfigValue2_1=10.00, paymentMethodConfigValue3_1=10, paymentMethodConfigValue4_1=5}}
25/05/2019 22:17:39 PagSeguro.br.com.uol.pagseguro.api.http.AuthenticatedHttpClient[INFO]: Correlation Id: 6c47da0b-1aa9-41dc-854d-d4dca4717d27
25/05/2019 22:17:39 PagSeguro.br.com.uol.pagseguro.api.http.JSEHttpClient[INFO]: Executando [POST] em [https://ws.sandbox.pagseguro.uol.com.br/v2/checkout?email=wda.developers@hotmail.com&token=F30F162446F948AD85CBB3C73FC3EE52&correlationId=6c47da0b-1aa9-41dc-854d-d4dca4717d27]
25/05/2019 22:17:39 PagSeguro.br.com.uol.pagseguro.api.http.JSEHttpClient[INFO]: Abrindo conexao
25/05/2019 22:17:39 PagSeguro.br.com.uol.pagseguro.api.http.JSEHttpClient[INFO]: Escrevendo body
25/05/2019 22:17:40 PagSeguro.br.com.uol.pagseguro.api.http.JSEHttpClient[INFO]: Lendo resposta
25/05/2019 22:17:40 PagSeguro.br.com.uol.pagseguro.api.http.JSEHttpClient[INFO]: Fechando conexao
25/05/2019 22:17:40 PagSeguro.br.com.uol.pagseguro.api.checkout.CheckoutsResource[FINE]: Resposta: HttpResponse{responseAsString='<?xml version="1.0" encoding="ISO-8859-1" standalone="yes"?><errors><error><code>11010</code><message>senderEmail invalid value: @sandbox.pagseguro.com.br</message></error></errors>', status=400}
25/05/2019 22:17:40 PagSeguro.br.com.uol.pagseguro.api.checkout.CheckoutsResource[INFO]: Parseando XML de resposta
25/05/2019 23:02:13 PagSeguro.br.com.uol.pagseguro.api.checkout.CheckoutsResource[INFO]: Iniciando checkout
25/05/2019 23:02:13 PagSeguro.br.com.uol.pagseguro.api.checkout.CheckoutsResource[INFO]: Convertendo valores
25/05/2019 23:02:13 PagSeguro.br.com.uol.pagseguro.api.checkout.CheckoutsResource[INFO]: Valores convertidos
25/05/2019 23:02:13 PagSeguro.br.com.uol.pagseguro.api.checkout.CheckoutsResource[FINE]: Parametros: RequestMap{map={itemId1=0001, extraAmount=1.00, shippingAddressState=SP, itemId2=0002, shippingType=2, paymentMethodConfigKey2_1=DISCOUNT_PERCENT, paymentMethodConfigKey3_1=MAX_INSTALLMENTS_LIMIT, paymentMethodConfigKey1_1=DISCOUNT_PERCENT, senderCPF=99999999999, reference=XXXXXX, senderName=Jose Comprador, shippingAddressComplement=99o andar, paymentMethodConfigKey4_1=MAX_INSTALLMENTS_NO_INTEREST, shippingAddressNumber=9999, senderEmail=comprador@sandbox.pagseguro.com.br, paymentMethodGroup4=CREDIT_CARD, currency=BRL, senderAreaCode=99, paymentMethodGroup1=CREDIT_CARD, shippingAddressStreet=Av. PagSeguro, paymentMethodGroup3=CREDIT_CARD, paymentMethodGroup2=BOLETO, shippingAddressCity=Cidade Exemplo, itemQuantity1=1, itemWeight1=1000, shippingCost=10.00, itemWeight2=750, itemQuantity2=2, acceptPaymentMethodGroup=BALANCE,BOLETO, shippingAddressCountry=BRA, senderPhone=99999999, shippingAddressDistrict=Jardim Internet, itemDescription1=Produto PagSeguroI, itemDescription2=Produto PagSeguroII, shippingAddressPostalCode=99999999, itemAmount1=99999.99, itemAmount2=99999.98, paymentMethodConfigValue1_1=10.00, paymentMethodConfigValue2_1=10.00, paymentMethodConfigValue3_1=10, paymentMethodConfigValue4_1=5}}
25/05/2019 23:02:13 PagSeguro.br.com.uol.pagseguro.api.http.AuthenticatedHttpClient[INFO]: Correlation Id: 27ac2bb3-f47d-4b33-b08f-a667737588d3
25/05/2019 23:02:13 PagSeguro.br.com.uol.pagseguro.api.http.JSEHttpClient[INFO]: Executando [POST] em [https://ws.sandbox.pagseguro.uol.com.br/v2/checkout?email=wda.developers@hotmail.com&token=F30F162446F948AD85CBB3C73FC3EE52&correlationId=27ac2bb3-f47d-4b33-b08f-a667737588d3]
25/05/2019 23:02:13 PagSeguro.br.com.uol.pagseguro.api.http.JSEHttpClient[INFO]: Abrindo conexao
25/05/2019 23:02:13 PagSeguro.br.com.uol.pagseguro.api.http.JSEHttpClient[INFO]: Escrevendo body
25/05/2019 23:02:14 PagSeguro.br.com.uol.pagseguro.api.http.JSEHttpClient[INFO]: Lendo resposta
25/05/2019 23:02:14 PagSeguro.br.com.uol.pagseguro.api.http.JSEHttpClient[INFO]: Fechando conexao
25/05/2019 23:02:14 PagSeguro.br.com.uol.pagseguro.api.checkout.CheckoutsResource[FINE]: Resposta: HttpResponse{responseAsString='<?xml version="1.0" encoding="ISO-8859-1" standalone="yes"?><checkout><code>C142DD0463639DC224648FA414AF6AAA</code><date>2019-05-25T23:02:14.000-03:00</date></checkout>', status=200}
25/05/2019 23:02:14 PagSeguro.br.com.uol.pagseguro.api.checkout.CheckoutsResource[INFO]: Parseando XML de resposta
25/05/2019 23:02:14 PagSeguro.br.com.uol.pagseguro.api.checkout.CheckoutsResource[INFO]: Parseamento finalizado
25/05/2019 23:02:14 PagSeguro.br.com.uol.pagseguro.api.checkout.CheckoutsResource[INFO]: Checkout finalizado
26/05/2019 02:55:35 PagSeguro.br.com.uol.pagseguro.api.checkout.CheckoutsResource[INFO]: Iniciando checkout
26/05/2019 02:55:35 PagSeguro.br.com.uol.pagseguro.api.checkout.CheckoutsResource[INFO]: Convertendo valores
26/05/2019 02:55:35 PagSeguro.br.com.uol.pagseguro.api.checkout.CheckoutsResource[INFO]: Valores convertidos
26/05/2019 02:55:35 PagSeguro.br.com.uol.pagseguro.api.checkout.CheckoutsResource[FINE]: Parametros: RequestMap{map={itemId1=0001, extraAmount=1.00, shippingAddressState=SP, itemId2=0002, shippingType=2, paymentMethodConfigKey2_1=DISCOUNT_PERCENT, paymentMethodConfigKey3_1=MAX_INSTALLMENTS_LIMIT, paymentMethodConfigKey1_1=DISCOUNT_PERCENT, senderCPF=99999999999, reference=XXXXXX, senderName=Jose Comprador, shippingAddressComplement=99o andar, paymentMethodConfigKey4_1=MAX_INSTALLMENTS_NO_INTEREST, shippingAddressNumber=9999, senderEmail=comprador@sandbox.pagseguro.com.br, paymentMethodGroup4=CREDIT_CARD, currency=BRL, senderAreaCode=99, paymentMethodGroup1=CREDIT_CARD, shippingAddressStreet=Av. PagSeguro, paymentMethodGroup3=CREDIT_CARD, paymentMethodGroup2=BOLETO, shippingAddressCity=Cidade Exemplo, itemQuantity1=1, itemWeight1=1000, shippingCost=10.00, itemWeight2=750, itemQuantity2=2, acceptPaymentMethodGroup=BALANCE,BOLETO, shippingAddressCountry=BRA, senderPhone=99999999, shippingAddressDistrict=Jardim Internet, itemDescription1=Produto PagSeguroI, itemDescription2=Produto PagSeguroII, shippingAddressPostalCode=99999999, itemAmount1=99999.99, itemAmount2=99999.98, paymentMethodConfigValue1_1=10.00, paymentMethodConfigValue2_1=10.00, paymentMethodConfigValue3_1=10, paymentMethodConfigValue4_1=5}}
26/05/2019 02:55:35 PagSeguro.br.com.uol.pagseguro.api.http.AuthenticatedHttpClient[INFO]: Correlation Id: b0d3d451-029f-4851-a7e2-1d059a7afa0d
26/05/2019 02:55:35 PagSeguro.br.com.uol.pagseguro.api.http.JSEHttpClient[INFO]: Executando [POST] em [https://ws.sandbox.pagseguro.uol.com.br/v2/checkout?email=wda.developers@hotmail.com&token=F30F162446F948AD85CBB3C73FC3EE52&correlationId=b0d3d451-029f-4851-a7e2-1d059a7afa0d]
26/05/2019 02:55:35 PagSeguro.br.com.uol.pagseguro.api.http.JSEHttpClient[INFO]: Abrindo conexao
26/05/2019 02:55:36 PagSeguro.br.com.uol.pagseguro.api.http.JSEHttpClient[INFO]: Escrevendo body
26/05/2019 02:55:37 PagSeguro.br.com.uol.pagseguro.api.http.JSEHttpClient[INFO]: Lendo resposta
26/05/2019 02:55:37 PagSeguro.br.com.uol.pagseguro.api.http.JSEHttpClient[INFO]: Fechando conexao
26/05/2019 02:55:37 PagSeguro.br.com.uol.pagseguro.api.checkout.CheckoutsResource[FINE]: Resposta: HttpResponse{responseAsString='<?xml version="1.0" encoding="ISO-8859-1" standalone="yes"?><checkout><code>6B2858D3ADADA83DD468BFBF294CF7CD</code><date>2019-05-26T02:55:37.000-03:00</date></checkout>', status=200}
26/05/2019 02:55:37 PagSeguro.br.com.uol.pagseguro.api.checkout.CheckoutsResource[INFO]: Parseando XML de resposta
26/05/2019 02:55:37 PagSeguro.br.com.uol.pagseguro.api.checkout.CheckoutsResource[INFO]: Parseamento finalizado
26/05/2019 02:55:37 PagSeguro.br.com.uol.pagseguro.api.checkout.CheckoutsResource[INFO]: Checkout finalizado
26/05/2019 02:58:03 PagSeguro.br.com.uol.pagseguro.api.checkout.CheckoutsResource[INFO]: Iniciando checkout
26/05/2019 02:58:03 PagSeguro.br.com.uol.pagseguro.api.checkout.CheckoutsResource[INFO]: Convertendo valores
26/05/2019 02:58:03 PagSeguro.br.com.uol.pagseguro.api.checkout.CheckoutsResource[INFO]: Valores convertidos
26/05/2019 02:58:03 PagSeguro.br.com.uol.pagseguro.api.checkout.CheckoutsResource[FINE]: Parametros: RequestMap{map={itemId1=0001, extraAmount=1.00, shippingAddressState=SP, itemId2=0002, shippingType=2, paymentMethodConfigKey2_1=DISCOUNT_PERCENT, paymentMethodConfigKey3_1=MAX_INSTALLMENTS_LIMIT, paymentMethodConfigKey1_1=DISCOUNT_PERCENT, senderCPF=99999999999, reference=XXXXXX, senderName=Jose Comprador, shippingAddressComplement=99o andar, paymentMethodConfigKey4_1=MAX_INSTALLMENTS_NO_INTEREST, shippingAddressNumber=9999, senderEmail=comprador@sandbox.pagseguro.com.br, paymentMethodGroup4=CREDIT_CARD, currency=BRL, senderAreaCode=99, paymentMethodGroup1=CREDIT_CARD, shippingAddressStreet=Av. PagSeguro, paymentMethodGroup3=CREDIT_CARD, paymentMethodGroup2=BOLETO, shippingAddressCity=Cidade Exemplo, itemQuantity1=1, itemWeight1=1000, shippingCost=10.00, itemWeight2=750, itemQuantity2=2, acceptPaymentMethodGroup=BALANCE,BOLETO, shippingAddressCountry=BRA, senderPhone=99999999, shippingAddressDistrict=Jardim Internet, itemDescription1=Produto PagSeguroI, itemDescription2=Produto PagSeguroII, shippingAddressPostalCode=99999999, itemAmount1=99999.99, itemAmount2=99999.98, paymentMethodConfigValue1_1=10.00, paymentMethodConfigValue2_1=10.00, paymentMethodConfigValue3_1=10, paymentMethodConfigValue4_1=5}}
26/05/2019 02:58:03 PagSeguro.br.com.uol.pagseguro.api.http.AuthenticatedHttpClient[INFO]: Correlation Id: 96759f9d-da23-4448-9edc-99c3b8358dd2
26/05/2019 02:58:03 PagSeguro.br.com.uol.pagseguro.api.http.JSEHttpClient[INFO]: Executando [POST] em [https://ws.sandbox.pagseguro.uol.com.br/v2/checkout?email=wda.developers@hotmail.com&token=F30F162446F948AD85CBB3C73FC3EE52&correlationId=96759f9d-da23-4448-9edc-99c3b8358dd2]
26/05/2019 02:58:03 PagSeguro.br.com.uol.pagseguro.api.http.JSEHttpClient[INFO]: Abrindo conexao
26/05/2019 02:58:03 PagSeguro.br.com.uol.pagseguro.api.http.JSEHttpClient[INFO]: Escrevendo body
26/05/2019 02:58:05 PagSeguro.br.com.uol.pagseguro.api.http.JSEHttpClient[INFO]: Lendo resposta
26/05/2019 02:58:05 PagSeguro.br.com.uol.pagseguro.api.http.JSEHttpClient[INFO]: Fechando conexao
26/05/2019 02:58:05 PagSeguro.br.com.uol.pagseguro.api.checkout.CheckoutsResource[FINE]: Resposta: HttpResponse{responseAsString='<?xml version="1.0" encoding="ISO-8859-1" standalone="yes"?><checkout><code>ADC851E89797485004DEEF9CB940BAE9</code><date>2019-05-26T02:58:05.000-03:00</date></checkout>', status=200}
26/05/2019 02:58:05 PagSeguro.br.com.uol.pagseguro.api.checkout.CheckoutsResource[INFO]: Parseando XML de resposta
26/05/2019 02:58:05 PagSeguro.br.com.uol.pagseguro.api.checkout.CheckoutsResource[INFO]: Parseamento finalizado
26/05/2019 02:58:05 PagSeguro.br.com.uol.pagseguro.api.checkout.CheckoutsResource[INFO]: Checkout finalizado
26/05/2019 21:58:24 PagSeguro.br.com.uol.pagseguro.api.checkout.CheckoutsResource[INFO]: Iniciando checkout
26/05/2019 21:58:24 PagSeguro.br.com.uol.pagseguro.api.checkout.CheckoutsResource[INFO]: Convertendo valores
26/05/2019 21:58:24 PagSeguro.br.com.uol.pagseguro.api.checkout.CheckoutsResource[INFO]: Valores convertidos
26/05/2019 21:58:24 PagSeguro.br.com.uol.pagseguro.api.checkout.CheckoutsResource[FINE]: Parametros: RequestMap{map={itemId1=1, extraAmount=1.00, shippingAddressState=SP, shippingType=2, paymentMethodConfigKey2_1=DISCOUNT_PERCENT, paymentMethodConfigKey3_1=MAX_INSTALLMENTS_LIMIT, paymentMethodConfigKey1_1=DISCOUNT_PERCENT, senderCPF=99999999999, reference=XXXXXX, senderName=Jose Comprador, shippingAddressComplement=99o andar, paymentMethodConfigKey4_1=MAX_INSTALLMENTS_NO_INTEREST, shippingAddressNumber=9999, senderEmail=comprador@sandbox.pagseguro.com.br, paymentMethodGroup4=CREDIT_CARD, currency=BRL, senderAreaCode=99, paymentMethodGroup1=CREDIT_CARD, shippingAddressStreet=Av. PagSeguro, paymentMethodGroup3=CREDIT_CARD, paymentMethodGroup2=BOLETO, shippingAddressCity=Cidade Exemplo, itemQuantity1=2, shippingCost=10.00, acceptPaymentMethodGroup=BALANCE,BOLETO, shippingAddressCountry=BRA, senderPhone=99999999, shippingAddressDistrict=Jardim Internet, itemDescription1=Cerveja Colorado, shippingAddressPostalCode=99999999, itemAmount1=10.00, paymentMethodConfigValue1_1=10.00, paymentMethodConfigValue2_1=10.00, paymentMethodConfigValue3_1=10, paymentMethodConfigValue4_1=5}}
26/05/2019 21:58:24 PagSeguro.br.com.uol.pagseguro.api.http.AuthenticatedHttpClient[INFO]: Correlation Id: f987bb3b-12dd-45a1-a6a5-a18116475c0e
26/05/2019 21:58:24 PagSeguro.br.com.uol.pagseguro.api.http.JSEHttpClient[INFO]: Executando [POST] em [https://ws.sandbox.pagseguro.uol.com.br/v2/checkout?email=wda.developers@hotmail.com&token=F30F162446F948AD85CBB3C73FC3EE52&correlationId=f987bb3b-12dd-45a1-a6a5-a18116475c0e]
26/05/2019 21:58:24 PagSeguro.br.com.uol.pagseguro.api.http.JSEHttpClient[INFO]: Abrindo conexao
26/05/2019 21:58:26 PagSeguro.br.com.uol.pagseguro.api.http.JSEHttpClient[INFO]: Escrevendo body
26/05/2019 21:58:27 PagSeguro.br.com.uol.pagseguro.api.http.JSEHttpClient[INFO]: Lendo resposta
26/05/2019 21:58:27 PagSeguro.br.com.uol.pagseguro.api.http.JSEHttpClient[INFO]: Fechando conexao
26/05/2019 21:58:27 PagSeguro.br.com.uol.pagseguro.api.checkout.CheckoutsResource[FINE]: Resposta: HttpResponse{responseAsString='<?xml version="1.0" encoding="ISO-8859-1" standalone="yes"?><checkout><code>B90D2E2B9090919554C9DF87EE810C0F</code><date>2019-05-26T21:58:27.000-03:00</date></checkout>', status=200}
26/05/2019 21:58:27 PagSeguro.br.com.uol.pagseguro.api.checkout.CheckoutsResource[INFO]: Parseando XML de resposta
26/05/2019 21:58:27 PagSeguro.br.com.uol.pagseguro.api.checkout.CheckoutsResource[INFO]: Parseamento finalizado
26/05/2019 21:58:27 PagSeguro.br.com.uol.pagseguro.api.checkout.CheckoutsResource[INFO]: Checkout finalizado
26/05/2019 22:04:25 PagSeguro.br.com.uol.pagseguro.api.checkout.CheckoutsResource[INFO]: Iniciando checkout
26/05/2019 22:04:25 PagSeguro.br.com.uol.pagseguro.api.checkout.CheckoutsResource[INFO]: Convertendo valores
26/05/2019 22:04:25 PagSeguro.br.com.uol.pagseguro.api.checkout.CheckoutsResource[INFO]: Valores convertidos
26/05/2019 22:04:25 PagSeguro.br.com.uol.pagseguro.api.checkout.CheckoutsResource[FINE]: Parametros: RequestMap{map={itemId1=2, extraAmount=1.00, shippingAddressState=SP, shippingType=2, paymentMethodConfigKey2_1=DISCOUNT_PERCENT, paymentMethodConfigKey3_1=MAX_INSTALLMENTS_LIMIT, paymentMethodConfigKey1_1=DISCOUNT_PERCENT, senderCPF=99999999999, reference=XXXXXX, senderName=Jose Comprador, shippingAddressComplement=99o andar, paymentMethodConfigKey4_1=MAX_INSTALLMENTS_NO_INTEREST, shippingAddressNumber=9999, senderEmail=comprador@sandbox.pagseguro.com.br, paymentMethodGroup4=CREDIT_CARD, currency=BRL, senderAreaCode=99, paymentMethodGroup1=CREDIT_CARD, shippingAddressStreet=Av. PagSeguro, paymentMethodGroup3=CREDIT_CARD, paymentMethodGroup2=BOLETO, shippingAddressCity=Cidade Exemplo, itemQuantity1=1, shippingCost=10.00, acceptPaymentMethodGroup=BALANCE,BOLETO, shippingAddressCountry=BRA, senderPhone=99999999, shippingAddressDistrict=Jardim Internet, itemDescription1=Cerveja da Boa, shippingAddressPostalCode=99999999, itemAmount1=15.00, paymentMethodConfigValue1_1=10.00, paymentMethodConfigValue2_1=10.00, paymentMethodConfigValue3_1=10, paymentMethodConfigValue4_1=5}}
26/05/2019 22:04:25 PagSeguro.br.com.uol.pagseguro.api.http.AuthenticatedHttpClient[INFO]: Correlation Id: 69a8dcf3-0317-4d1d-8dca-a73dec494503
26/05/2019 22:04:25 PagSeguro.br.com.uol.pagseguro.api.http.JSEHttpClient[INFO]: Executando [POST] em [https://ws.sandbox.pagseguro.uol.com.br/v2/checkout?email=wda.developers@hotmail.com&token=F30F162446F948AD85CBB3C73FC3EE52&correlationId=69a8dcf3-0317-4d1d-8dca-a73dec494503]
26/05/2019 22:04:25 PagSeguro.br.com.uol.pagseguro.api.http.JSEHttpClient[INFO]: Abrindo conexao
26/05/2019 22:04:25 PagSeguro.br.com.uol.pagseguro.api.http.JSEHttpClient[INFO]: Escrevendo body
26/05/2019 22:04:26 PagSeguro.br.com.uol.pagseguro.api.http.JSEHttpClient[INFO]: Lendo resposta
26/05/2019 22:04:26 PagSeguro.br.com.uol.pagseguro.api.http.JSEHttpClient[INFO]: Fechando conexao
26/05/2019 22:04:26 PagSeguro.br.com.uol.pagseguro.api.checkout.CheckoutsResource[FINE]: Resposta: HttpResponse{responseAsString='<?xml version="1.0" encoding="ISO-8859-1" standalone="yes"?><checkout><code>321D566B89892466641A6FBF9C5765B9</code><date>2019-05-26T22:04:26.000-03:00</date></checkout>', status=200}
26/05/2019 22:04:26 PagSeguro.br.com.uol.pagseguro.api.checkout.CheckoutsResource[INFO]: Parseando XML de resposta
26/05/2019 22:04:26 PagSeguro.br.com.uol.pagseguro.api.checkout.CheckoutsResource[INFO]: Parseamento finalizado
26/05/2019 22:04:26 PagSeguro.br.com.uol.pagseguro.api.checkout.CheckoutsResource[INFO]: Checkout finalizado
26/05/2019 22:50:28 PagSeguro.br.com.uol.pagseguro.api.checkout.CheckoutsResource[INFO]: Iniciando checkout
26/05/2019 22:50:28 PagSeguro.br.com.uol.pagseguro.api.checkout.CheckoutsResource[INFO]: Convertendo valores
26/05/2019 22:50:28 PagSeguro.br.com.uol.pagseguro.api.checkout.CheckoutsResource[INFO]: Valores convertidos
26/05/2019 22:50:28 PagSeguro.br.com.uol.pagseguro.api.checkout.CheckoutsResource[FINE]: Parametros: RequestMap{map={itemId1=1, extraAmount=1.00, shippingAddressState=SP, itemId2=2, shippingType=2, paymentMethodConfigKey2_1=DISCOUNT_PERCENT, paymentMethodConfigKey3_1=MAX_INSTALLMENTS_LIMIT, paymentMethodConfigKey1_1=DISCOUNT_PERCENT, senderCPF=99999999999, reference=XXXXXX, senderName=Jose Comprador, shippingAddressComplement=99o andar, paymentMethodConfigKey4_1=MAX_INSTALLMENTS_NO_INTEREST, shippingAddressNumber=9999, senderEmail=wda@sandbox.pagseguro.com.br, paymentMethodGroup4=CREDIT_CARD, currency=BRL, senderAreaCode=99, paymentMethodGroup1=CREDIT_CARD, shippingAddressStreet=Av. PagSeguro, paymentMethodGroup3=CREDIT_CARD, paymentMethodGroup2=BOLETO, shippingAddressCity=Cidade Exemplo, itemQuantity1=2, shippingCost=10.00, itemQuantity2=1, acceptPaymentMethodGroup=BALANCE,BOLETO, shippingAddressCountry=BRA, senderPhone=99999999, shippingAddressDistrict=Jardim Internet, itemDescription1=Cerveja Colorado, itemDescription2=Cerveja da Boa, shippingAddressPostalCode=99999999, itemAmount1=10.00, itemAmount2=15.00, paymentMethodConfigValue1_1=10.00, paymentMethodConfigValue2_1=10.00, paymentMethodConfigValue3_1=10, paymentMethodConfigValue4_1=5}}
26/05/2019 22:50:28 PagSeguro.br.com.uol.pagseguro.api.http.AuthenticatedHttpClient[INFO]: Correlation Id: 1cd64b1a-75e1-4ac9-9096-6b946837719f
26/05/2019 22:50:28 PagSeguro.br.com.uol.pagseguro.api.http.JSEHttpClient[INFO]: Executando [POST] em [https://ws.sandbox.pagseguro.uol.com.br/v2/checkout?email=wda.developers@hotmail.com&token=F30F162446F948AD85CBB3C73FC3EE52&correlationId=1cd64b1a-75e1-4ac9-9096-6b946837719f]
26/05/2019 22:50:28 PagSeguro.br.com.uol.pagseguro.api.http.JSEHttpClient[INFO]: Abrindo conexao
26/05/2019 22:50:28 PagSeguro.br.com.uol.pagseguro.api.http.JSEHttpClient[INFO]: Escrevendo body
26/05/2019 22:50:29 PagSeguro.br.com.uol.pagseguro.api.http.JSEHttpClient[INFO]: Lendo resposta
26/05/2019 22:50:29 PagSeguro.br.com.uol.pagseguro.api.http.JSEHttpClient[INFO]: Fechando conexao
26/05/2019 22:50:29 PagSeguro.br.com.uol.pagseguro.api.checkout.CheckoutsResource[FINE]: Resposta: HttpResponse{responseAsString='<?xml version="1.0" encoding="ISO-8859-1" standalone="yes"?><checkout><code>5C506E8954548C7774AEFF8808B06D3B</code><date>2019-05-26T22:50:29.000-03:00</date></checkout>', status=200}
26/05/2019 22:50:29 PagSeguro.br.com.uol.pagseguro.api.checkout.CheckoutsResource[INFO]: Parseando XML de resposta
26/05/2019 22:50:29 PagSeguro.br.com.uol.pagseguro.api.checkout.CheckoutsResource[INFO]: Parseamento finalizado
26/05/2019 22:50:29 PagSeguro.br.com.uol.pagseguro.api.checkout.CheckoutsResource[INFO]: Checkout finalizado
